-encoding
UTF-8
-outxml
-source
6
-target
6
-classpath
C:\Users\Atka\.m2\repository\aopalliance\aopalliance\1.0\aopalliance-1.0.jar;C:\Users\Atka\.m2\repository\commons-beanutils\commons-beanutils\1.8.3\commons-beanutils-1.8.3.jar;C:\Users\Atka\.m2\repository\commons-codec\commons-codec\1.5\commons-codec-1.5.jar;C:\Users\Atka\.m2\repository\commons-digester\commons-digester\2.1\commons-digester-2.1.jar;C:\Users\Atka\.m2\repository\commons-fileupload\commons-fileupload\1.2.2\commons-fileupload-1.2.2.jar;C:\Users\Atka\.m2\repository\commons-io\commons-io\2.1\commons-io-2.1.jar;C:\Users\Atka\.m2\repository\javax\el\el-api\1.0\el-api-1.0.jar;C:\Users\Atka\.m2\repository\javax\persistence\persistence-api\1.0\persistence-api-1.0.jar;C:\Users\Atka\.m2\repository\javax\servlet\servlet-api\2.5\servlet-api-2.5.jar;C:\Users\Atka\.m2\repository\javax\servlet\jsp\jsp-api\2.1\jsp-api-2.1.jar;C:\Users\Atka\.m2\repository\javax\servlet\jsp\jstl\jstl-api\1.2\jstl-api-1.2.jar;C:\Users\Atka\.m2\repository\javax\validation\validation-api\1.0.0.GA\validation-api-1.0.0.GA.jar;C:\Users\Atka\.m2\repository\joda-time\joda-time\1.6\joda-time-1.6.jar;C:\Users\Atka\.m2\repository\junit\junit\4.10\junit-4.10.jar;C:\Users\Atka\.m2\repository\log4j\log4j\1.2.16\log4j-1.2.16.jar;C:\Users\Atka\.m2\repository\net\sf\flexjson\flexjson\2.1\flexjson-2.1.jar;C:\Users\Atka\.m2\repository\org\apache\commons\commons-lang3\3.1\commons-lang3-3.1.jar;C:\Users\Atka\.m2\repository\org\apache\tiles\tiles-api\2.2.2\tiles-api-2.2.2.jar;C:\Users\Atka\.m2\repository\org\apache\tiles\tiles-core\2.2.2\tiles-core-2.2.2.jar;C:\Users\Atka\.m2\repository\org\apache\tiles\tiles-jsp\2.2.2\tiles-jsp-2.2.2.jar;C:\Users\Atka\.m2\repository\org\apache\tiles\tiles-servlet\2.2.2\tiles-servlet-2.2.2.jar;C:\Users\Atka\.m2\repository\org\apache\tiles\tiles-template\2.2.2\tiles-template-2.2.2.jar;C:\Users\Atka\.m2\repository\org\aspectj\aspectjrt\1.7.0.RC1\aspectjrt-1.7.0.RC1.jar;C:\Users\Atka\.m2\repository\org\aspectj\aspectjweaver\1.7.0.RC1\aspectjweaver-1.7.0.RC1.jar;C:\Users\Atka\.m2\repository\org\cloudfoundry\cloudfoundry-runtime\0.8.0\cloudfoundry-runtime-0.8.0.jar;C:\Users\Atka\.m2\repository\org\glassfish\web\jstl-impl\1.2\jstl-impl-1.2.jar;C:\Users\Atka\.m2\repository\org\hibernate\hibernate-validator\4.2.0.Final\hibernate-validator-4.2.0.Final.jar;C:\Users\Atka\.m2\repository\org\mongodb\mongo-java-driver\2.6.5\mongo-java-driver-2.6.5.jar;C:\Users\Atka\.m2\repository\org\slf4j\jcl-over-slf4j\1.6.4\jcl-over-slf4j-1.6.4.jar;C:\Users\Atka\.m2\repository\org\slf4j\slf4j-api\1.6.4\slf4j-api-1.6.4.jar;C:\Users\Atka\.m2\repository\org\slf4j\slf4j-log4j12\1.6.4\slf4j-log4j12-1.6.4.jar;C:\Users\Atka\.m2\repository\org\springframework\spring-aop\3.1.1.RELEASE\spring-aop-3.1.1.RELEASE.jar;C:\Users\Atka\.m2\repository\org\springframework\spring-asm\3.1.1.RELEASE\spring-asm-3.1.1.RELEASE.jar;C:\Users\Atka\.m2\repository\org\springframework\spring-aspects\3.1.1.RELEASE\spring-aspects-3.1.1.RELEASE.jar;C:\Users\Atka\.m2\repository\org\springframework\spring-beans\3.1.1.RELEASE\spring-beans-3.1.1.RELEASE.jar;C:\Users\Atka\.m2\repository\org\springframework\spring-context\3.1.1.RELEASE\spring-context-3.1.1.RELEASE.jar;C:\Users\Atka\.m2\repository\org\springframework\spring-context-support\3.1.1.RELEASE\spring-context-support-3.1.1.RELEASE.jar;C:\Users\Atka\.m2\repository\org\springframework\spring-core\3.1.1.RELEASE\spring-core-3.1.1.RELEASE.jar;C:\Users\Atka\.m2\repository\org\springframework\spring-expression\3.1.1.RELEASE\spring-expression-3.1.1.RELEASE.jar;C:\Users\Atka\.m2\repository\org\springframework\spring-test\3.1.1.RELEASE\spring-test-3.1.1.RELEASE.jar;C:\Users\Atka\.m2\repository\org\springframework\spring-tx\3.0.6.RELEASE\spring-tx-3.0.6.RELEASE.jar;C:\Users\Atka\.m2\repository\org\springframework\spring-web\3.1.1.RELEASE\spring-web-3.1.1.RELEASE.jar;C:\Users\Atka\.m2\repository\org\springframework\spring-webmvc\3.1.1.RELEASE\spring-webmvc-3.1.1.RELEASE.jar;C:\Users\Atka\.m2\repository\org\springframework\data\spring-data-commons-core\1.2.0.M2\spring-data-commons-core-1.2.0.M2.jar;C:\Users\Atka\.m2\repository\org\springframework\data\spring-data-mongodb\1.0.0.M5\spring-data-mongodb-1.0.0.M5.jar;C:\Users\Atka\.m2\repository\org\springframework\roo\org.springframework.roo.annotations\1.2.2.RELEASE\org.springframework.roo.annotations-1.2.2.RELEASE.jar;C:\Users\Atka\.m2\repository\org\springframework\webflow\spring-js-resources\2.2.1.RELEASE\spring-js-resources-2.2.1.RELEASE.jar;D:\work\flex\workspace_sts_3\PizzaMongo\target\classes
-aspectpath
C:\Users\Atka\.m2\repository\org\springframework\spring-aspects\3.1.1.RELEASE\spring-aspects-3.1.1.RELEASE.jar
-d
D:\work\flex\workspace_sts_3\PizzaMongo\target\classes
D:\work\flex\workspace_sts_3\PizzaMongo\src\main\java\hu\attila\csanyi\mongo\pizza\service\PizzaOrderServiceImpl.java
D:\work\flex\workspace_sts_3\PizzaMongo\src\main\java\hu\attila\csanyi\mongo\pizza\domain\Pizza_Roo_JavaBean.aj
D:\work\flex\workspace_sts_3\PizzaMongo\src\main\java\hu\attila\csanyi\mongo\pizza\domain\Base.java
D:\work\flex\workspace_sts_3\PizzaMongo\src\main\java\hu\attila\csanyi\mongo\pizza\repository\ToppingRepository.java
D:\work\flex\workspace_sts_3\PizzaMongo\src\main\java\hu\attila\csanyi\mongo\pizza\domain\PizzaOrder_Roo_JavaBean.aj
D:\work\flex\workspace_sts_3\PizzaMongo\src\main\java\hu\attila\csanyi\mongo\pizza\domain\Pizza_Roo_Mongo_Entity.aj
D:\work\flex\workspace_sts_3\PizzaMongo\src\main\java\hu\attila\csanyi\mongo\pizza\service\PizzaServiceImpl_Roo_Service.aj
D:\work\flex\workspace_sts_3\PizzaMongo\src\main\java\hu\attila\csanyi\mongo\pizza\repository\PizzaRepository.java
D:\work\flex\workspace_sts_3\PizzaMongo\src\main\java\hu\attila\csanyi\mongo\pizza\repository\ToppingRepository_Roo_Mongo_Repository.aj
D:\work\flex\workspace_sts_3\PizzaMongo\src\main\java\hu\attila\csanyi\mongo\pizza\domain\Base_Roo_JavaBean.aj
D:\work\flex\workspace_sts_3\PizzaMongo\src\main\java\hu\attila\csanyi\mongo\pizza\repository\PizzaOrderRepository.java
D:\work\flex\workspace_sts_3\PizzaMongo\src\main\java\hu\attila\csanyi\mongo\pizza\web\PizzaController.java
D:\work\flex\workspace_sts_3\PizzaMongo\src\main\java\hu\attila\csanyi\mongo\pizza\service\PizzaServiceImpl.java
D:\work\flex\workspace_sts_3\PizzaMongo\src\main\java\hu\attila\csanyi\mongo\pizza\domain\Topping_Roo_ToString.aj
D:\work\flex\workspace_sts_3\PizzaMongo\src\main\java\hu\attila\csanyi\mongo\pizza\web\ToppingController.java
D:\work\flex\workspace_sts_3\PizzaMongo\src\main\java\hu\attila\csanyi\mongo\pizza\service\BaseService.java
D:\work\flex\workspace_sts_3\PizzaMongo\src\main\java\hu\attila\csanyi\mongo\pizza\service\BaseService_Roo_Service.aj
D:\work\flex\workspace_sts_3\PizzaMongo\src\main\java\hu\attila\csanyi\mongo\pizza\domain\Topping_Roo_Mongo_Entity.aj
D:\work\flex\workspace_sts_3\PizzaMongo\src\main\java\hu\attila\csanyi\mongo\pizza\domain\Topping.java
D:\work\flex\workspace_sts_3\PizzaMongo\src\main\java\hu\attila\csanyi\mongo\pizza\domain\Topping_Roo_JavaBean.aj
D:\work\flex\workspace_sts_3\PizzaMongo\src\main\java\hu\attila\csanyi\mongo\pizza\service\ToppingServiceImpl.java
D:\work\flex\workspace_sts_3\PizzaMongo\src\main\java\hu\attila\csanyi\mongo\pizza\web\ToppingController_Roo_Controller.aj
D:\work\flex\workspace_sts_3\PizzaMongo\src\main\java\hu\attila\csanyi\mongo\pizza\service\PizzaService_Roo_Service.aj
D:\work\flex\workspace_sts_3\PizzaMongo\src\main\java\hu\attila\csanyi\mongo\pizza\web\BaseController.java
D:\work\flex\workspace_sts_3\PizzaMongo\src\main\java\hu\attila\csanyi\mongo\pizza\domain\PizzaOrder.java
D:\work\flex\workspace_sts_3\PizzaMongo\src\main\java\hu\attila\csanyi\mongo\pizza\service\BaseServiceImpl.java
D:\work\flex\workspace_sts_3\PizzaMongo\src\main\java\hu\attila\csanyi\mongo\pizza\service\ToppingService.java
D:\work\flex\workspace_sts_3\PizzaMongo\src\main\java\hu\attila\csanyi\mongo\pizza\service\BaseServiceImpl_Roo_Service.aj
D:\work\flex\workspace_sts_3\PizzaMongo\src\main\java\hu\attila\csanyi\mongo\pizza\web\BaseController_Roo_Controller.aj
D:\work\flex\workspace_sts_3\PizzaMongo\src\main\java\hu\attila\csanyi\mongo\pizza\repository\BaseRepository.java
D:\work\flex\workspace_sts_3\PizzaMongo\src\main\java\hu\attila\csanyi\mongo\pizza\domain\Pizza.java
D:\work\flex\workspace_sts_3\PizzaMongo\src\main\java\hu\attila\csanyi\mongo\pizza\service\PizzaService.java
D:\work\flex\workspace_sts_3\PizzaMongo\src\main\java\hu\attila\csanyi\mongo\pizza\domain\PizzaOrder_Roo_ToString.aj
D:\work\flex\workspace_sts_3\PizzaMongo\src\main\java\hu\attila\csanyi\mongo\pizza\web\PizzaController_Roo_Controller.aj
D:\work\flex\workspace_sts_3\PizzaMongo\src\main\java\hu\attila\csanyi\mongo\pizza\repository\PizzaRepository_Roo_Mongo_Repository.aj
D:\work\flex\workspace_sts_3\PizzaMongo\src\main\java\hu\attila\csanyi\mongo\pizza\service\PizzaOrderServiceImpl_Roo_Service.aj
D:\work\flex\workspace_sts_3\PizzaMongo\src\main\java\hu\attila\csanyi\mongo\pizza\domain\PizzaOrder_Roo_Mongo_Entity.aj
D:\work\flex\workspace_sts_3\PizzaMongo\src\main\java\hu\attila\csanyi\mongo\pizza\web\ApplicationConversionServiceFactoryBean.java
D:\work\flex\workspace_sts_3\PizzaMongo\src\main\java\hu\attila\csanyi\mongo\pizza\repository\BaseRepository_Roo_Mongo_Repository.aj
D:\work\flex\workspace_sts_3\PizzaMongo\src\main\java\hu\attila\csanyi\mongo\pizza\service\ToppingService_Roo_Service.aj
D:\work\flex\workspace_sts_3\PizzaMongo\src\main\java\hu\attila\csanyi\mongo\pizza\service\ToppingServiceImpl_Roo_Service.aj
D:\work\flex\workspace_sts_3\PizzaMongo\src\main\java\hu\attila\csanyi\mongo\pizza\service\PizzaOrderService.java
D:\work\flex\workspace_sts_3\PizzaMongo\src\main\java\hu\attila\csanyi\mongo\pizza\domain\Pizza_Roo_ToString.aj
D:\work\flex\workspace_sts_3\PizzaMongo\src\main\java\hu\attila\csanyi\mongo\pizza\web\PizzaOrderController.java
D:\work\flex\workspace_sts_3\PizzaMongo\src\main\java\hu\attila\csanyi\mongo\pizza\service\PizzaOrderService_Roo_Service.aj
D:\work\flex\workspace_sts_3\PizzaMongo\src\main\java\hu\attila\csanyi\mongo\pizza\domain\Base_Roo_ToString.aj
D:\work\flex\workspace_sts_3\PizzaMongo\src\main\java\hu\attila\csanyi\mongo\pizza\web\PizzaOrderController_Roo_Controller.aj
D:\work\flex\workspace_sts_3\PizzaMongo\src\main\java\hu\attila\csanyi\mongo\pizza\repository\PizzaOrderRepository_Roo_Mongo_Repository.aj
D:\work\flex\workspace_sts_3\PizzaMongo\src\main\java\hu\attila\csanyi\mongo\pizza\web\ApplicationConversionServiceFactoryBean_Roo_ConversionService.aj
D:\work\flex\workspace_sts_3\PizzaMongo\src\main\java\hu\attila\csanyi\mongo\pizza\domain\Base_Roo_Mongo_Entity.aj
